<?xml version="1.0" encoding="UTF-8"?>
<testng-results skipped="0" failed="0" ignored="0" total="1" passed="1">
  <reporter-output>
  </reporter-output>
  <suite name="Default suite" duration-ms="46" started-at="2017-08-31T18:28:04Z" finished-at="2017-08-31T18:28:05Z">
    <groups>
    </groups>
    <test name="Default test" duration-ms="46" started-at="2017-08-31T18:28:04Z" finished-at="2017-08-31T18:28:05Z">
      <class name="javatestpackage.TestNGTestClass">
        <test-method status="PASS" signature="f()[pri:0, instance:javatestpackage.TestNGTestClass@358c99f5]" name="f" duration-ms="13" started-at="2017-08-31T13:28:05Z" finished-at="2017-08-31T13:28:05Z">
          <reporter-output>
          </reporter-output>
        </test-method> <!-- f -->
      </class> <!-- javatestpackage.TestNGTestClass -->
    </test> <!-- Default test -->
  </suite> <!-- Default suite -->
</testng-results>
